0 info it worked if it ends with ok
1 verbose cli [ '/usr/bin/nodejs',
1 verbose cli   '/usr/bin/npm',
1 verbose cli   'install',
1 verbose cli   '-g',
1 verbose cli   'firebase-tools' ]
2 info using npm@1.3.10
3 info using node@v0.10.25
4 verbose cache add [ 'firebase-tools', null ]
5 verbose cache add name=undefined spec="firebase-tools" args=["firebase-tools",null]
6 verbose parsed url { protocol: null,
6 verbose parsed url   slashes: null,
6 verbose parsed url   auth: null,
6 verbose parsed url   host: null,
6 verbose parsed url   port: null,
6 verbose parsed url   hostname: null,
6 verbose parsed url   hash: null,
6 verbose parsed url   search: null,
6 verbose parsed url   query: null,
6 verbose parsed url   pathname: 'firebase-tools',
6 verbose parsed url   path: 'firebase-tools',
6 verbose parsed url   href: 'firebase-tools' }
7 silly lockFile 3fa4b23e-firebase-tools firebase-tools
8 verbose lock firebase-tools /home/tinu/.npm/3fa4b23e-firebase-tools.lock
9 silly lockFile 3fa4b23e-firebase-tools firebase-tools
10 silly lockFile 3fa4b23e-firebase-tools firebase-tools
11 verbose addNamed [ 'firebase-tools', '' ]
12 verbose addNamed [ null, '*' ]
13 silly lockFile 59c4bcc4-firebase-tools firebase-tools@
14 verbose lock firebase-tools@ /home/tinu/.npm/59c4bcc4-firebase-tools.lock
15 silly addNameRange { name: 'firebase-tools', range: '*', hasData: false }
16 verbose url raw firebase-tools
17 verbose url resolving [ 'https://registry.npmjs.org/', './firebase-tools' ]
18 verbose url resolved https://registry.npmjs.org/firebase-tools
19 info trying registry request attempt 1 at 02:04:03
20 verbose etag "5963f9a6-1d0a3"
21 http GET https://registry.npmjs.org/firebase-tools
22 http 304 https://registry.npmjs.org/firebase-tools
23 silly registry.get cb [ 304,
23 silly registry.get   { date: 'Mon, 24 Jul 2017 20:34:03 GMT',
23 silly registry.get     via: '1.1 varnish',
23 silly registry.get     'cache-control': 'max-age=300',
23 silly registry.get     etag: '"5963f9a6-1d0a3"',
23 silly registry.get     age: '0',
23 silly registry.get     connection: 'keep-alive',
23 silly registry.get     'x-served-by': 'cache-sin18035-SIN',
23 silly registry.get     'x-cache': 'MISS',
23 silly registry.get     'x-cache-hits': '0',
23 silly registry.get     'x-timer': 'S1500928444.737716,VS0,VE147',
23 silly registry.get     vary: 'Accept-Encoding, Accept' } ]
24 verbose etag firebase-tools from cache
25 silly addNameRange number 2 { name: 'firebase-tools', range: '*', hasData: true }
26 silly addNameRange versions [ 'firebase-tools',
26 silly addNameRange   [ '0.0.1',
26 silly addNameRange     '0.0.2',
26 silly addNameRange     '0.0.3',
26 silly addNameRange     '0.0.4',
26 silly addNameRange     '0.0.5',
26 silly addNameRange     '0.0.6',
26 silly addNameRange     '0.1.0',
26 silly addNameRange     '0.1.1',
26 silly addNameRange     '0.1.2',
26 silly addNameRange     '0.1.3',
26 silly addNameRange     '0.1.4',
26 silly addNameRange     '0.1.5',
26 silly addNameRange     '0.1.6',
26 silly addNameRange     '0.2.0',
26 silly addNameRange     '0.3.0',
26 silly addNameRange     '0.4.0',
26 silly addNameRange     '0.5.0',
26 silly addNameRange     '1.0.0',
26 silly addNameRange     '1.0.1',
26 silly addNameRange     '1.0.2',
26 silly addNameRange     '1.0.3',
26 silly addNameRange     '1.0.4',
26 silly addNameRange     '1.0.5',
26 silly addNameRange     '1.0.6',
26 silly addNameRange     '1.1.0',
26 silly addNameRange     '1.1.1',
26 silly addNameRange     '1.1.2',
26 silly addNameRange     '1.1.3',
26 silly addNameRange     '1.1.4',
26 silly addNameRange     '1.1.5',
26 silly addNameRange     '1.1.6',
26 silly addNameRange     '1.2.0',
26 silly addNameRange     '2.0.0',
26 silly addNameRange     '2.0.1',
26 silly addNameRange     '2.0.2',
26 silly addNameRange     '2.1.0',
26 silly addNameRange     '2.1.1',
26 silly addNameRange     '2.2.0',
26 silly addNameRange     '2.2.1',
26 silly addNameRange     '3.0.0',
26 silly addNameRange     '3.0.1',
26 silly addNameRange     '3.0.2',
26 silly addNameRange     '3.0.3',
26 silly addNameRange     '3.0.4',
26 silly addNameRange     '3.0.5',
26 silly addNameRange     '3.0.6',
26 silly addNameRange     '3.0.7',
26 silly addNameRange     '3.0.8',
26 silly addNameRange     '3.1.0',
26 silly addNameRange     '3.2.0',
26 silly addNameRange     '3.2.1',
26 silly addNameRange     '3.2.2',
26 silly addNameRange     '3.2.3',
26 silly addNameRange     '3.3.0',
26 silly addNameRange     '3.4.0',
26 silly addNameRange     '3.5.0',
26 silly addNameRange     '3.6.0',
26 silly addNameRange     '3.6.1',
26 silly addNameRange     '3.7.0',
26 silly addNameRange     '3.8.0',
26 silly addNameRange     '3.9.0',
26 silly addNameRange     '3.9.1' ] ]
27 verbose addNamed [ 'firebase-tools', '3.9.1' ]
28 verbose addNamed [ '3.9.1', '3.9.1' ]
29 silly lockFile 2864f453-firebase-tools-3-9-1 firebase-tools@3.9.1
30 verbose lock firebase-tools@3.9.1 /home/tinu/.npm/2864f453-firebase-tools-3-9-1.lock
31 silly lockFile 2864f453-firebase-tools-3-9-1 firebase-tools@3.9.1
32 silly lockFile 2864f453-firebase-tools-3-9-1 firebase-tools@3.9.1
33 silly lockFile 59c4bcc4-firebase-tools firebase-tools@
34 silly lockFile 59c4bcc4-firebase-tools firebase-tools@
35 silly resolved [ { name: 'firebase-tools',
35 silly resolved     version: '3.9.1',
35 silly resolved     description: 'Command-Line Interface for Firebase',
35 silly resolved     main: 'index.js',
35 silly resolved     bin: { firebase: './bin/firebase' },
35 silly resolved     scripts: { test: './node_modules/.bin/gulp' },
35 silly resolved     repository:
35 silly resolved      { type: 'git',
35 silly resolved        url: 'https://github.com/firebase/firebase-tools.git' },
35 silly resolved     keywords:
35 silly resolved      [ 'cdn',
35 silly resolved        'cli',
35 silly resolved        'ssl',
35 silly resolved        'cloud',
35 silly resolved        'hosting',
35 silly resolved        'firebase',
35 silly resolved        'realtime',
35 silly resolved        'websockets',
35 silly resolved        'synchronization' ],
35 silly resolved     preferGlobal: true,
35 silly resolved     engines: { node: '>=0.10.0 <8.0.0' },
35 silly resolved     engineStrict: true,
35 silly resolved     author: { name: 'Firebase', url: 'https://firebase.google.com/' },
35 silly resolved     license: 'MIT',
35 silly resolved     bugs: { url: 'https://github.com/firebase/firebase-tools/issues' },
35 silly resolved     files: [ 'bin/**', 'lib/**', 'commands/**', 'templates/**', 'index.js' ],
35 silly resolved     homepage: 'https://github.com/firebase/firebase-tools',
35 silly resolved     dependencies:
35 silly resolved      { JSONStream: '^1.2.1',
35 silly resolved        archiver: '^0.16.0',
35 silly resolved        chalk: '^1.1.0',
35 silly resolved        cjson: '^0.3.1',
35 silly resolved        'cli-table': '^0.3.1',
35 silly resolved        commander: '^2.8.1',
35 silly resolved        configstore: '^1.2.0',
35 silly resolved        'cross-spawn': '^4.0.0',
35 silly resolved        'csv-streamify': '^3.0.4',
35 silly resolved        didyoumean: '^1.2.1',
35 silly resolved        'es6-set': '^0.1.4',
35 silly resolved        'exit-code': '^1.0.2',
35 silly resolved        filesize: '^3.1.3',
35 silly resolved        firebase: '2.x.x',
35 silly resolved        'fs-extra': '^0.23.1',
35 silly resolved        'fstream-ignore': '^1.0.2',
35 silly resolved        inquirer: '^0.12.0',
35 silly resolved        jsonschema: '^1.0.2',
35 silly resolved        jsonwebtoken: '^5.4.0',
35 silly resolved        lodash: '^4.6.1',
35 silly resolved        open: '^0.0.5',
35 silly resolved        ora: '0.2.3',
35 silly resolved        portfinder: '^0.4.0',
35 silly resolved        progress: '^1.1.8',
35 silly resolved        request: '^2.58.0',
35 silly resolved        rsvp: '^3.0.18',
35 silly resolved        semver: '^5.0.3',
35 silly resolved        superstatic: '^4.1',
35 silly resolved        tar: '^2.2.0',
35 silly resolved        tmp: '0.0.27',
35 silly resolved        'universal-analytics': '^0.3.9',
35 silly resolved        'update-notifier': '^0.5.0',
35 silly resolved        'user-home': '^2.0.0',
35 silly resolved        uuid: '^3.0.0',
35 silly resolved        winston: '^1.0.1',
35 silly resolved        '@google-cloud/functions-emulator': '^1.0.0-alpha.19' },
35 silly resolved     devDependencies:
35 silly resolved      { chai: '^3.0.0',
35 silly resolved        'chai-as-promised': '^5.1.0',
35 silly resolved        coveralls: '2.11.2',
35 silly resolved        eslint: '^1.4.1',
35 silly resolved        gulp: '^3.9.0',
35 silly resolved        'gulp-eslint': '^1.0.0',
35 silly resolved        'gulp-exit': '0.0.2',
35 silly resolved        'gulp-istanbul': '^0.10.0',
35 silly resolved        'gulp-mocha': '^2.1.2',
35 silly resolved        'jshint-stylish': '^2.0.1',
35 silly resolved        nock: '^2.10.0',
35 silly resolved        sinon: '^1.17.4',
35 silly resolved        'sinon-as-promised': '^4.0.0',
35 silly resolved        'sinon-chai': '^2.8.0' },
35 silly resolved     optionalDependencies: { '@google-cloud/functions-emulator': '^1.0.0-alpha.19' },
35 silly resolved     readme: '**We are aware of compatiblity issues with Node v8.0.0 and are working to resolve them. For now, please use Node v7.10.0 or lower.**\n\n# Firebase CLI [![Build Status](https://travis-ci.org/firebase/firebase-tools.svg?branch=master)](https://travis-ci.org/firebase/firebase-tools) [![Coverage Status](https://img.shields.io/coveralls/firebase/firebase-tools.svg?branch=master&style=flat)](https://coveralls.io/r/firebase/firebase-tools) [![NPM version](https://badge.fury.io/js/firebase-tools.svg)](http://badge.fury.io/js/firebase-tools)\n\nThese are the Firebase Command Line Interface (CLI) Tools. They can be used to:\n\n* Deploy code and assets to your Firebase projects\n* Run a local web server for your Firebase Hosting site\n* Interact with data in your Firebase database\n* Import/Export users into/from Firebase Auth\n\nTo get started with the Firebase CLI, read the full list of commands below or check out the [hosting-specific CLI documentation](https://firebase.google.com/docs/hosting/quickstart).\n\n\n## Installation\n\nTo install the Firebase CLI, you first need to [sign up for a Firebase account](https://firebase.google.com/).\n\nThen you need to install [Node.js](http://nodejs.org/) and [npm](https://npmjs.org/). Note that\ninstalling Node.js should install npm as well.\n\nOnce npm is installed, get the Firebase CLI by running the following command:\n\n```bash\nnpm install -g firebase-tools\n```\n\nThis will provide you with the globally accessible `firebase` command.\n\n\n## Commands\n\n**The command `firebase --help` lists the available commands and `firebase <command> --help` shows more details for an individual command.**\n\nIf a command is project-specific, you must either be inside a project directory with an\nactive project alias or specify the Firebase project id with the `-P <project_id>` flag.\n\nBelow is a brief list of the available commands and their function:\n\n### Administrative Commands\n\nCommand | Description\n------- | -----------\n**login** | Authenticate to your Firebase account. Requires access to a web browser.\n**logout** | Sign out of the Firebase CLI.\n**login:ci** | Generate an authentication token for use in non-interactive environments.\n**list** | Print a list of all of your Firebase projects.\n**setup:web** | Print out SDK setup information for the Firebase JS SDK.\n**use** | Set active Firebase project, manage project aliases.\n**open** | Quickly open a browser to relevant project resources.\n**init** | Setup a new Firebase project in the current directory. This command will create a `firebase.json` configuration file in your current directory.\n**help** | Display help information about the CLI or specific commands.\n\nAppend `--no-localhost` to login (i.e., `firebase login --no-localhost`) to copy and paste code instead of starting a local server for authentication. A use case might be if you SSH into an instance somewhere and you need to authenticate to Firebase on that machine. \n\n### Deployment and Local Development\n\nThese commands let you deploy and interact with your Firebase Hosting site.\n\nCommand | Description\n------- | -----------\n**deploy** | Deploys your Firebase project. Relies on `firebase.json` configuration and your local project folder.\n**serve** | Start a local web server with your Firebase Hosting configuration. Relies on `firebase.json`.\n\n### Auth Commands\n\nCommand | Description\n------- | -----------\n**auth:import** | Batch importing accounts into Firebase from data file.\n**auth:export** | Batch exporting accounts from Firebase into data file.\n\nDetailed doc is [here](https://firebase.google.com/docs/cli/auth).\n\n### Database Commands\n\nCommand | Description\n------- | -----------\n**database:get** | Fetch data from the current project\'s database and display it as JSON. Supports querying on indexed data.\n**database:set** | Replace all data at a specified location in the current project\'s database. Takes input from file, STDIN, or command-line argument.\n**database:push** | Push new data to a list at a specified location in the current project\'s database. Takes input from file, STDIN, or command-line argument.\n**database:remove** | Delete all data at a specified location in the current project\'s database.\n**database:update** | Perform a partial update at a specified location in the current project\'s database. Takes input from file, STDIN, or command-line argument.\n**database:profile** | Profile database usage and generate a report.\n\n### Cloud Functions Commands\n\nCommand | Description\n------- | -----------\n**functions:log** | Read logs from deployed Cloud Functions.\n**functions:config:set** | Store runtime configuration values for the current project\'s Cloud Functions.\n**functions:config:get** | Retrieve existing configuration values for the current project\'s Cloud Functions.\n**functions:config:unset** | Remove values from the current project\'s runtime configuration.\n**functions:config:clone** | Copy runtime configuration from one project environment to another.\n\n### Hosting Commands\n\nCommand | Description\n------- | -----------\n**hosting:disable** | Stop serving Firebase Hosting traffic for the active project. A "Site Not Found" message will be displayed at your project\'s Hosting URL after running this command.\n\n## Using with CI Systems\n\nThe Firebase CLI requires a browser to complete authentication, but is fully\ncompatible with CI and other headless environments.\n\n1. On a machine with a browser, install the Firebase CLI.\n2. Run `firebase login:ci` to log in and print out a new access token\n   (the current CLI session will not be affected).\n3. Store the output token in a secure but accessible way in your CI system.\n\nThere are two ways to use this token when running Firebase commands:\n\n1. Store the token as the environment variable `FIREBASE_TOKEN` and it will\n   automatically be utilized.\n2. Run all commands with the `--token <token>` flag in your CI system.\n\nThe order of precedence for token loading is flag, environment variable, active project.\n\nOn any machine with the Firebase CLI, running `firebase logout --token <token>`\nwill immediately revoke access for the specified token.\n\n## Using as a Module\n\nThe Firebase CLI can also be used programmatically as a standard Node module. Each command is exposed as a function that takes an options object and returns a Promise. For example:\n\n```js\nvar client = require(\'firebase-tools\');\nclient.list().then(function(data) {\n  console.log(data);\n}).catch(function(err) {\n  // handle error\n});\n\nclient.deploy({\n  project: \'myfirebase\',\n  token: process.env.FIREBASE_TOKEN,\n  cwd: \'/path/to/project/folder\'\n}).then(function() {\n  console.log(\'Rules have been deployed!\')\n}).catch(function(err) {\n  // handle error\n});\n```\n',
35 silly resolved     readmeFilename: 'README.md',
35 silly resolved     _id: 'firebase-tools@3.9.1',
35 silly resolved     _from: 'firebase-tools@' } ]
36 info install firebase-tools@3.9.1 into /usr/local/lib
37 info installOne firebase-tools@3.9.1
38 info /usr/local/lib/node_modules/firebase-tools unbuild
39 verbose tar unpack /home/tinu/.npm/firebase-tools/3.9.1/package.tgz
40 silly lockFile 7e3d5d18--lib-node-modules-firebase-tools tar:///usr/local/lib/node_modules/firebase-tools
41 verbose lock tar:///usr/local/lib/node_modules/firebase-tools /home/tinu/.npm/7e3d5d18--lib-node-modules-firebase-tools.lock
42 silly lockFile 3366d260-firebase-tools-3-9-1-package-tgz tar:///home/tinu/.npm/firebase-tools/3.9.1/package.tgz
43 verbose lock tar:///home/tinu/.npm/firebase-tools/3.9.1/package.tgz /home/tinu/.npm/3366d260-firebase-tools-3-9-1-package-tgz.lock
44 silly gunzTarPerm modes [ '755', '644' ]
45 error Error: EACCES, mkdir '/usr/local/lib/node_modules/firebase-tools'
45 error  { [Error: EACCES, mkdir '/usr/local/lib/node_modules/firebase-tools']
45 error   errno: 3,
45 error   code: 'EACCES',
45 error   path: '/usr/local/lib/node_modules/firebase-tools',
45 error   fstream_type: 'Directory',
45 error   fstream_path: '/usr/local/lib/node_modules/firebase-tools',
45 error   fstream_class: 'DirWriter',
45 error   fstream_stack:
45 error    [ '/usr/lib/nodejs/fstream/lib/dir-writer.js:36:23',
45 error      '/usr/lib/nodejs/mkdirp/index.js:37:53',
45 error      'Object.oncomplete (fs.js:107:15)' ] }
46 error Please try running this command again as root/Administrator.
47 error System Linux 3.13.0-125-generic
48 error command "/usr/bin/nodejs" "/usr/bin/npm" "install" "-g" "firebase-tools"
49 error cwd /var/www/html/project
50 error node -v v0.10.25
51 error npm -v 1.3.10
52 error path /usr/local/lib/node_modules/firebase-tools
53 error fstream_path /usr/local/lib/node_modules/firebase-tools
54 error fstream_type Directory
55 error fstream_class DirWriter
56 error code EACCES
57 error errno 3
58 error stack Error: EACCES, mkdir '/usr/local/lib/node_modules/firebase-tools'
59 error fstream_stack /usr/lib/nodejs/fstream/lib/dir-writer.js:36:23
59 error fstream_stack /usr/lib/nodejs/mkdirp/index.js:37:53
59 error fstream_stack Object.oncomplete (fs.js:107:15)
60 verbose exit [ 3, true ]
